TN:
SF:server.js
FN:57,(anonymous_0)
FN:61,(anonymous_1)
FN:69,(anonymous_2)
FN:98,(anonymous_3)
FN:119,saveManualRevenueOverrides
FN:152,updatePlatformData
FN:201,updateAnalyticsData
FN:231,(anonymous_7)
FN:239,(anonymous_8)
FN:269,(anonymous_9)
FN:278,(anonymous_10)
FN:313,(anonymous_11)
FN:344,(anonymous_12)
FN:353,(anonymous_13)
FN:400,(anonymous_14)
FN:401,(anonymous_15)
FN:418,(anonymous_16)
FN:481,(anonymous_17)
FN:524,(anonymous_18)
FN:548,(anonymous_19)
FN:609,(anonymous_20)
FN:658,(anonymous_21)
FN:686,(anonymous_22)
FN:744,(anonymous_23)
FN:774,(anonymous_24)
FN:798,(anonymous_25)
FN:816,(anonymous_26)
FN:817,(anonymous_27)
FN:818,(anonymous_28)
FN:854,(anonymous_29)
FN:855,(anonymous_30)
FN:856,(anonymous_31)
FN:907,(anonymous_32)
FN:938,(anonymous_33)
FN:939,(anonymous_34)
FN:942,(anonymous_35)
FN:943,(anonymous_36)
FN:972,(anonymous_37)
FN:999,(anonymous_38)
FN:1013,(anonymous_39)
FN:1031,(anonymous_40)
FN:1047,(anonymous_41)
FN:1069,(anonymous_42)
FN:1072,(anonymous_43)
FN:1088,(anonymous_44)
FN:1099,(anonymous_45)
FN:1113,(anonymous_46)
FN:1194,(anonymous_47)
FN:1212,(anonymous_48)
FN:1230,(anonymous_49)
FN:1285,(anonymous_50)
FN:1290,(anonymous_51)
FN:1306,(anonymous_52)
FN:1317,(anonymous_53)
FN:1323,(anonymous_54)
FN:1328,(anonymous_55)
FNF:56
FNH:0
FNDA:0,(anonymous_0)
FNDA:0,(anonymous_1)
FNDA:0,(anonymous_2)
FNDA:0,(anonymous_3)
FNDA:0,saveManualRevenueOverrides
FNDA:0,updatePlatformData
FNDA:0,updateAnalyticsData
FNDA:0,(anonymous_7)
FNDA:0,(anonymous_8)
FNDA:0,(anonymous_9)
FNDA:0,(anonymous_10)
FNDA:0,(anonymous_11)
FNDA:0,(anonymous_12)
FNDA:0,(anonymous_13)
FNDA:0,(anonymous_14)
FNDA:0,(anonymous_15)
FNDA:0,(anonymous_16)
FNDA:0,(anonymous_17)
FNDA:0,(anonymous_18)
FNDA:0,(anonymous_19)
FNDA:0,(anonymous_20)
FNDA:0,(anonymous_21)
FNDA:0,(anonymous_22)
FNDA:0,(anonymous_23)
FNDA:0,(anonymous_24)
FNDA:0,(anonymous_25)
FNDA:0,(anonymous_26)
FNDA:0,(anonymous_27)
FNDA:0,(anonymous_28)
FNDA:0,(anonymous_29)
FNDA:0,(anonymous_30)
FNDA:0,(anonymous_31)
FNDA:0,(anonymous_32)
FNDA:0,(anonymous_33)
FNDA:0,(anonymous_34)
FNDA:0,(anonymous_35)
FNDA:0,(anonymous_36)
FNDA:0,(anonymous_37)
FNDA:0,(anonymous_38)
FNDA:0,(anonymous_39)
FNDA:0,(anonymous_40)
FNDA:0,(anonymous_41)
FNDA:0,(anonymous_42)
FNDA:0,(anonymous_43)
FNDA:0,(anonymous_44)
FNDA:0,(anonymous_45)
FNDA:0,(anonymous_46)
FNDA:0,(anonymous_47)
FNDA:0,(anonymous_48)
FNDA:0,(anonymous_49)
FNDA:0,(anonymous_50)
FNDA:0,(anonymous_51)
FNDA:0,(anonymous_52)
FNDA:0,(anonymous_53)
FNDA:0,(anonymous_54)
FNDA:0,(anonymous_55)
DA:20,0
DA:22,0
DA:23,0
DA:24,0
DA:26,0
DA:29,0
DA:30,0
DA:33,0
DA:40,0
DA:42,0
DA:53,0
DA:54,0
DA:57,0
DA:58,0
DA:61,0
DA:62,0
DA:65,0
DA:68,0
DA:71,0
DA:74,0
DA:75,0
DA:79,0
DA:80,0
DA:84,0
DA:85,0
DA:88,0
DA:95,0
DA:98,0
DA:99,0
DA:100,0
DA:101,0
DA:102,0
DA:103,0
DA:107,0
DA:110,0
DA:111,0
DA:112,0
DA:114,0
DA:115,0
DA:120,0
DA:124,0
DA:129,0
DA:138,0
DA:139,0
DA:140,0
DA:141,0
DA:144,0
DA:153,0
DA:154,0
DA:157,0
DA:158,0
DA:159,0
DA:160,0
DA:161,0
DA:164,0
DA:169,0
DA:171,0
DA:173,0
DA:179,0
DA:180,0
DA:181,0
DA:183,0
DA:186,0
DA:187,0
DA:188,0
DA:190,0
DA:191,0
DA:192,0
DA:194,0
DA:196,0
DA:202,0
DA:203,0
DA:205,0
DA:206,0
DA:214,0
DA:215,0
DA:217,0
DA:220,0
DA:222,0
DA:223,0
DA:226,0
DA:231,0
DA:232,0
DA:233,0
DA:239,0
DA:240,0
DA:241,0
DA:243,0
DA:244,0
DA:248,0
DA:251,0
DA:252,0
DA:254,0
DA:260,0
DA:261,0
DA:262,0
DA:264,0
DA:269,0
DA:270,0
DA:271,0
DA:272,0
DA:273,0
DA:274,0
DA:278,0
DA:279,0
DA:280,0
DA:282,0
DA:283,0
DA:287,0
DA:289,0
DA:290,0
DA:294,0
DA:295,0
DA:298,0
DA:300,0
DA:307,0
DA:308,0
DA:313,0
DA:314,0
DA:315,0
DA:318,0
DA:319,0
DA:320,0
DA:321,0
DA:324,0
DA:329,0
DA:337,0
DA:338,0
DA:344,0
DA:345,0
DA:353,0
DA:354,0
DA:355,0
DA:356,0
DA:358,0
DA:359,0
DA:360,0
DA:361,0
DA:362,0
DA:365,0
DA:366,0
DA:370,0
DA:371,0
DA:372,0
DA:375,0
DA:376,0
DA:377,0
DA:378,0
DA:382,0
DA:383,0
DA:384,0
DA:390,0
DA:393,0
DA:395,0
DA:396,0
DA:400,0
DA:401,0
DA:402,0
DA:403,0
DA:404,0
DA:407,0
DA:412,0
DA:418,0
DA:420,0
DA:421,0
DA:424,0
DA:425,0
DA:426,0
DA:429,0
DA:430,0
DA:432,0
DA:433,0
DA:434,0
DA:435,0
DA:436,0
DA:439,0
DA:440,0
DA:441,0
DA:442,0
DA:445,0
DA:446,0
DA:447,0
DA:448,0
DA:450,0
DA:451,0
DA:452,0
DA:456,0
DA:461,0
DA:462,0
DA:466,0
DA:472,0
DA:478,0
DA:481,0
DA:482,0
DA:483,0
DA:484,0
DA:485,0
DA:487,0
DA:488,0
DA:489,0
DA:493,0
DA:494,0
DA:495,0
DA:496,0
DA:497,0
DA:499,0
DA:500,0
DA:503,0
DA:504,0
DA:508,0
DA:511,0
DA:512,0
DA:517,0
DA:518,0
DA:521,0
DA:522,0
DA:523,0
DA:524,0
DA:525,0
DA:530,0
DA:531,0
DA:536,0
DA:537,0
DA:540,0
DA:542,0
DA:543,0
DA:548,0
DA:550,0
DA:551,0
DA:554,0
DA:555,0
DA:556,0
DA:559,0
DA:560,0
DA:562,0
DA:563,0
DA:564,0
DA:565,0
DA:566,0
DA:569,0
DA:570,0
DA:571,0
DA:572,0
DA:575,0
DA:576,0
DA:577,0
DA:578,0
DA:580,0
DA:581,0
DA:582,0
DA:586,0
DA:591,0
DA:592,0
DA:596,0
DA:603,0
DA:609,0
DA:610,0
DA:611,0
DA:612,0
DA:614,0
DA:615,0
DA:616,0
DA:619,0
DA:620,0
DA:622,0
DA:623,0
DA:624,0
DA:629,0
DA:630,0
DA:631,0
DA:632,0
DA:634,0
DA:637,0
DA:638,0
DA:642,0
DA:643,0
DA:644,0
DA:647,0
DA:649,0
DA:652,0
DA:655,0
DA:656,0
DA:657,0
DA:658,0
DA:659,0
DA:664,0
DA:665,0
DA:669,0
DA:672,0
DA:673,0
DA:675,0
DA:677,0
DA:679,0
DA:680,0
DA:681,0
DA:686,0
DA:688,0
DA:689,0
DA:692,0
DA:693,0
DA:694,0
DA:697,0
DA:698,0
DA:700,0
DA:701,0
DA:702,0
DA:703,0
DA:704,0
DA:707,0
DA:708,0
DA:709,0
DA:710,0
DA:713,0
DA:714,0
DA:715,0
DA:716,0
DA:718,0
DA:719,0
DA:720,0
DA:724,0
DA:729,0
DA:730,0
DA:734,0
DA:740,0
DA:741,0
DA:744,0
DA:745,0
DA:746,0
DA:747,0
DA:751,0
DA:752,0
DA:753,0
DA:754,0
DA:756,0
DA:757,0
DA:760,0
DA:761,0
DA:765,0
DA:768,0
DA:771,0
DA:772,0
DA:773,0
DA:774,0
DA:775,0
DA:780,0
DA:781,0
DA:786,0
DA:787,0
DA:790,0
DA:792,0
DA:793,0
DA:798,0
DA:799,0
DA:800,0
DA:801,0
DA:803,0
DA:806,0
DA:807,0
DA:808,0
DA:809,0
DA:810,0
DA:811,0
DA:812,0
DA:815,0
DA:816,0
DA:817,0
DA:818,0
DA:821,0
DA:822,0
DA:823,0
DA:825,0
DA:828,0
DA:829,0
DA:831,0
DA:832,0
DA:833,0
DA:834,0
DA:835,0
DA:838,0
DA:839,0
DA:840,0
DA:841,0
DA:844,0
DA:845,0
DA:846,0
DA:847,0
DA:848,0
DA:849,0
DA:850,0
DA:851,0
DA:853,0
DA:854,0
DA:855,0
DA:856,0
DA:859,0
DA:860,0
DA:861,0
DA:863,0
DA:867,0
DA:873,0
DA:874,0
DA:877,0
DA:878,0
DA:879,0
DA:884,0
DA:885,0
DA:887,0
DA:889,0
DA:890,0
DA:893,0
DA:895,0
DA:896,0
DA:897,0
DA:898,0
DA:900,0
DA:904,0
DA:906,0
DA:908,0
DA:909,0
DA:910,0
DA:911,0
DA:912,0
DA:913,0
DA:914,0
DA:915,0
DA:918,0
DA:920,0
DA:937,0
DA:938,0
DA:939,0
DA:941,0
DA:942,0
DA:944,0
DA:945,0
DA:959,0
DA:962,0
DA:966,0
DA:967,0
DA:968,0
DA:969,0
DA:970,0
DA:972,0
DA:981,0
DA:982,0
DA:983,0
DA:986,0
DA:991,0
DA:994,0
DA:995,0
DA:999,0
DA:1000,0
DA:1001,0
DA:1003,0
DA:1006,0
DA:1007,0
DA:1009,0
DA:1010,0
DA:1012,0
DA:1013,0
DA:1022,0
DA:1023,0
DA:1026,0
DA:1031,0
DA:1032,0
DA:1033,0
DA:1035,0
DA:1036,0
DA:1040,0
DA:1041,0
DA:1043,0
DA:1047,0
DA:1048,0
DA:1049,0
DA:1051,0
DA:1055,0
DA:1056,0
DA:1058,0
DA:1064,0
DA:1065,0
DA:1069,0
DA:1070,0
DA:1071,0
DA:1072,0
DA:1074,0
DA:1075,0
DA:1077,0
DA:1082,0
DA:1083,0
DA:1088,0
DA:1089,0
DA:1090,0
DA:1091,0
DA:1092,0
DA:1093,0
DA:1095,0
DA:1096,0
DA:1098,0
DA:1099,0
DA:1100,0
DA:1102,0
DA:1104,0
DA:1105,0
DA:1107,0
DA:1108,0
DA:1113,0
DA:1114,0
DA:1116,0
DA:1117,0
DA:1120,0
DA:1121,0
DA:1122,0
DA:1123,0
DA:1127,0
DA:1128,0
DA:1130,0
DA:1131,0
DA:1132,0
DA:1133,0
DA:1134,0
DA:1137,0
DA:1138,0
DA:1139,0
DA:1140,0
DA:1142,0
DA:1143,0
DA:1144,0
DA:1145,0
DA:1146,0
DA:1147,0
DA:1151,0
DA:1157,0
DA:1158,0
DA:1161,0
DA:1164,0
DA:1166,0
DA:1168,0
DA:1169,0
DA:1171,0
DA:1172,0
DA:1174,0
DA:1175,0
DA:1179,0
DA:1184,0
DA:1186,0
DA:1188,0
DA:1189,0
DA:1194,0
DA:1195,0
DA:1196,0
DA:1197,0
DA:1198,0
DA:1200,0
DA:1206,0
DA:1207,0
DA:1212,0
DA:1213,0
DA:1214,0
DA:1215,0
DA:1217,0
DA:1218,0
DA:1221,0
DA:1222,0
DA:1224,0
DA:1225,0
DA:1230,0
DA:1231,0
DA:1233,0
DA:1242,0
DA:1245,0
DA:1246,0
DA:1247,0
DA:1249,0
DA:1250,0
DA:1251,0
DA:1252,0
DA:1253,0
DA:1254,0
DA:1255,0
DA:1256,0
DA:1257,0
DA:1260,0
DA:1262,0
DA:1263,0
DA:1264,0
DA:1265,0
DA:1266,0
DA:1267,0
DA:1268,0
DA:1269,0
DA:1272,0
DA:1277,0
DA:1285,0
DA:1286,0
DA:1290,0
DA:1291,0
DA:1293,0
DA:1294,0
DA:1299,0
DA:1300,0
DA:1301,0
DA:1306,0
DA:1307,0
DA:1317,0
DA:1318,0
DA:1319,0
DA:1323,0
DA:1324,0
DA:1327,0
DA:1328,0
DA:1329,0
DA:1330,0
DA:1331,0
LF:612
LH:0
BRDA:34,0,0,0
BRDA:34,0,1,0
BRDA:35,1,0,0
BRDA:35,1,1,0
BRDA:35,2,0,0
BRDA:35,2,1,0
BRDA:43,3,0,0
BRDA:43,3,1,0
BRDA:71,4,0,0
BRDA:71,4,1,0
BRDA:74,5,0,0
BRDA:74,5,1,0
BRDA:74,6,0,0
BRDA:74,6,1,0
BRDA:79,7,0,0
BRDA:79,7,1,0
BRDA:79,8,0,0
BRDA:79,8,1,0
BRDA:84,9,0,0
BRDA:84,9,1,0
BRDA:99,10,0,0
BRDA:99,10,1,0
BRDA:110,11,0,0
BRDA:110,11,1,0
BRDA:152,12,0,0
BRDA:157,13,0,0
BRDA:157,13,1,0
BRDA:160,14,0,0
BRDA:160,14,1,0
BRDA:160,15,0,0
BRDA:160,15,1,0
BRDA:169,16,0,0
BRDA:169,16,1,0
BRDA:171,17,0,0
BRDA:171,17,1,0
BRDA:179,18,0,0
BRDA:179,18,1,0
BRDA:190,19,0,0
BRDA:190,19,1,0
BRDA:201,20,0,0
BRDA:203,21,0,0
BRDA:203,21,1,0
BRDA:205,22,0,0
BRDA:205,22,1,0
BRDA:205,23,0,0
BRDA:205,23,1,0
BRDA:214,24,0,0
BRDA:214,24,1,0
BRDA:222,25,0,0
BRDA:222,25,1,0
BRDA:243,26,0,0
BRDA:243,26,1,0
BRDA:243,27,0,0
BRDA:243,27,1,0
BRDA:261,28,0,0
BRDA:261,28,1,0
BRDA:270,29,0,0
BRDA:270,29,1,0
BRDA:282,30,0,0
BRDA:282,30,1,0
BRDA:282,31,0,0
BRDA:282,31,1,0
BRDA:289,32,0,0
BRDA:289,32,1,0
BRDA:314,33,0,0
BRDA:314,33,1,0
BRDA:320,34,0,0
BRDA:320,34,1,0
BRDA:333,35,0,0
BRDA:333,35,1,0
BRDA:346,36,0,0
BRDA:346,36,1,0
BRDA:347,37,0,0
BRDA:347,37,1,0
BRDA:359,38,0,0
BRDA:359,38,1,0
BRDA:359,39,0,0
BRDA:359,39,1,0
BRDA:361,40,0,0
BRDA:361,40,1,0
BRDA:365,41,0,0
BRDA:365,41,1,0
BRDA:377,42,0,0
BRDA:377,42,1,0
BRDA:383,43,0,0
BRDA:383,43,1,0
BRDA:386,44,0,0
BRDA:386,44,1,0
BRDA:402,45,0,0
BRDA:402,45,1,0
BRDA:424,46,0,0
BRDA:424,46,1,0
BRDA:424,47,0,0
BRDA:424,47,1,0
BRDA:433,48,0,0
BRDA:433,48,1,0
BRDA:433,49,0,0
BRDA:433,49,1,0
BRDA:435,50,0,0
BRDA:435,50,1,0
BRDA:439,51,0,0
BRDA:439,51,1,0
BRDA:447,52,0,0
BRDA:447,52,1,0
BRDA:451,53,0,0
BRDA:451,53,1,0
BRDA:461,54,0,0
BRDA:461,54,1,0
BRDA:461,55,0,0
BRDA:461,55,1,0
BRDA:494,56,0,0
BRDA:494,56,1,0
BRDA:522,57,0,0
BRDA:522,57,1,0
BRDA:523,58,0,0
BRDA:523,58,1,0
BRDA:524,59,0,0
BRDA:524,59,1,0
BRDA:527,60,0,0
BRDA:527,60,1,0
BRDA:528,61,0,0
BRDA:528,61,1,0
BRDA:554,62,0,0
BRDA:554,62,1,0
BRDA:554,63,0,0
BRDA:554,63,1,0
BRDA:563,64,0,0
BRDA:563,64,1,0
BRDA:563,65,0,0
BRDA:563,65,1,0
BRDA:565,66,0,0
BRDA:565,66,1,0
BRDA:569,67,0,0
BRDA:569,67,1,0
BRDA:577,68,0,0
BRDA:577,68,1,0
BRDA:581,69,0,0
BRDA:581,69,1,0
BRDA:591,70,0,0
BRDA:591,70,1,0
BRDA:591,71,0,0
BRDA:591,71,1,0
BRDA:614,72,0,0
BRDA:614,72,1,0
BRDA:622,73,0,0
BRDA:622,73,1,0
BRDA:622,74,0,0
BRDA:622,74,1,0
BRDA:630,75,0,0
BRDA:630,75,1,0
BRDA:642,76,0,0
BRDA:642,76,1,0
BRDA:656,77,0,0
BRDA:656,77,1,0
BRDA:657,78,0,0
BRDA:657,78,1,0
BRDA:658,79,0,0
BRDA:658,79,1,0
BRDA:661,80,0,0
BRDA:661,80,1,0
BRDA:662,81,0,0
BRDA:662,81,1,0
BRDA:669,82,0,0
BRDA:669,82,1,0
BRDA:692,83,0,0
BRDA:692,83,1,0
BRDA:692,84,0,0
BRDA:692,84,1,0
BRDA:701,85,0,0
BRDA:701,85,1,0
BRDA:701,86,0,0
BRDA:701,86,1,0
BRDA:703,87,0,0
BRDA:703,87,1,0
BRDA:707,88,0,0
BRDA:707,88,1,0
BRDA:715,89,0,0
BRDA:715,89,1,0
BRDA:719,90,0,0
BRDA:719,90,1,0
BRDA:729,91,0,0
BRDA:729,91,1,0
BRDA:729,92,0,0
BRDA:729,92,1,0
BRDA:752,93,0,0
BRDA:752,93,1,0
BRDA:768,94,0,0
BRDA:768,94,1,0
BRDA:772,95,0,0
BRDA:772,95,1,0
BRDA:773,96,0,0
BRDA:773,96,1,0
BRDA:774,97,0,0
BRDA:774,97,1,0
BRDA:806,98,0,0
BRDA:806,98,1,0
BRDA:806,99,0,0
BRDA:806,99,1,0
BRDA:806,99,2,0
BRDA:809,100,0,0
BRDA:809,100,1,0
BRDA:810,101,0,0
BRDA:810,101,1,0
BRDA:811,102,0,0
BRDA:811,102,1,0
BRDA:821,103,0,0
BRDA:821,103,1,0
BRDA:822,104,0,0
BRDA:822,104,1,0
BRDA:823,105,0,0
BRDA:823,105,1,0
BRDA:832,106,0,0
BRDA:832,106,1,0
BRDA:832,107,0,0
BRDA:832,107,1,0
BRDA:834,108,0,0
BRDA:834,108,1,0
BRDA:838,109,0,0
BRDA:838,109,1,0
BRDA:846,110,0,0
BRDA:846,110,1,0
BRDA:848,111,0,0
BRDA:848,111,1,0
BRDA:849,112,0,0
BRDA:849,112,1,0
BRDA:850,113,0,0
BRDA:850,113,1,0
BRDA:859,114,0,0
BRDA:859,114,1,0
BRDA:860,115,0,0
BRDA:860,115,1,0
BRDA:861,116,0,0
BRDA:861,116,1,0
BRDA:873,117,0,0
BRDA:873,117,1,0
BRDA:874,118,0,0
BRDA:874,118,1,0
BRDA:878,119,0,0
BRDA:878,119,1,0
BRDA:879,120,0,0
BRDA:879,120,1,0
BRDA:879,120,2,0
BRDA:879,120,3,0
BRDA:887,121,0,0
BRDA:887,121,1,0
BRDA:893,122,0,0
BRDA:893,122,1,0
BRDA:897,123,0,0
BRDA:897,123,1,0
BRDA:904,124,0,0
BRDA:904,124,1,0
BRDA:910,125,0,0
BRDA:910,125,1,0
BRDA:912,126,0,0
BRDA:912,126,1,0
BRDA:914,127,0,0
BRDA:914,127,1,0
BRDA:929,128,0,0
BRDA:929,128,1,0
BRDA:954,129,0,0
BRDA:954,129,1,0
BRDA:955,130,0,0
BRDA:955,130,1,0
BRDA:962,131,0,0
BRDA:962,131,1,0
BRDA:970,132,0,0
BRDA:970,132,1,0
BRDA:994,133,0,0
BRDA:994,133,1,0
BRDA:1000,134,0,0
BRDA:1000,134,1,0
BRDA:1012,135,0,0
BRDA:1012,135,1,0
BRDA:1012,136,0,0
BRDA:1012,136,1,0
BRDA:1035,137,0,0
BRDA:1035,137,1,0
BRDA:1035,138,0,0
BRDA:1035,138,1,0
BRDA:1048,139,0,0
BRDA:1048,139,1,0
BRDA:1092,140,0,0
BRDA:1092,140,1,0
BRDA:1092,141,0,0
BRDA:1092,141,1,0
BRDA:1100,142,0,0
BRDA:1100,142,1,0
BRDA:1120,143,0,0
BRDA:1120,143,1,0
BRDA:1120,144,0,0
BRDA:1120,144,1,0
BRDA:1120,144,2,0
BRDA:1122,145,0,0
BRDA:1122,145,1,0
BRDA:1123,146,0,0
BRDA:1123,146,1,0
BRDA:1131,147,0,0
BRDA:1131,147,1,0
BRDA:1131,148,0,0
BRDA:1131,148,1,0
BRDA:1133,149,0,0
BRDA:1133,149,1,0
BRDA:1137,150,0,0
BRDA:1137,150,1,0
BRDA:1144,151,0,0
BRDA:1144,151,1,0
BRDA:1146,152,0,0
BRDA:1146,152,1,0
BRDA:1147,153,0,0
BRDA:1147,153,1,0
BRDA:1157,154,0,0
BRDA:1157,154,1,0
BRDA:1158,155,0,0
BRDA:1158,155,1,0
BRDA:1164,156,0,0
BRDA:1164,156,1,0
BRDA:1166,157,0,0
BRDA:1166,157,1,0
BRDA:1217,158,0,0
BRDA:1217,158,1,0
BRDA:1237,159,0,0
BRDA:1237,159,1,0
BRDA:1249,160,0,0
BRDA:1249,160,1,0
BRDA:1249,161,0,0
BRDA:1249,161,1,0
BRDA:1256,162,0,0
BRDA:1256,162,1,0
BRDA:1262,163,0,0
BRDA:1262,163,1,0
BRDA:1268,164,0,0
BRDA:1268,164,1,0
BRDA:1280,165,0,0
BRDA:1280,165,1,0
BRDA:1293,166,0,0
BRDA:1293,166,1,0
BRDA:1327,167,0,0
BRDA:1327,167,1,0
BRF:338
BRH:0
end_of_record
TN:
SF:services/authService.js
FN:21,encrypt
FN:36,decrypt
FN:53,storeToken
FN:71,getToken
FN:98,setupTwitchPassport
FN:108,(anonymous_5)
FN:115,getTikTokToken
FNF:7
FNH:3
FNDA:2,encrypt
FNDA:0,decrypt
FNDA:2,storeToken
FNDA:3,getToken
FNDA:0,setupTwitchPassport
FNDA:0,(anonymous_5)
FNDA:0,getTikTokToken
DA:7,1
DA:10,1
DA:11,1
DA:12,1
DA:14,0
DA:18,1
DA:19,1
DA:22,2
DA:24,2
DA:25,2
DA:26,2
DA:27,0
DA:28,0
DA:29,0
DA:31,2
DA:32,2
DA:37,0
DA:39,0
DA:40,0
DA:41,0
DA:42,0
DA:43,0
DA:44,0
DA:45,0
DA:46,0
DA:48,0
DA:49,0
DA:54,2
DA:55,0
DA:56,0
DA:59,2
DA:60,2
DA:61,0
DA:67,2
DA:72,3
DA:73,0
DA:74,0
DA:77,3
DA:78,3
DA:82,3
DA:83,0
DA:85,2
DA:86,2
DA:91,1
DA:99,0
DA:110,0
DA:116,0
DA:123,0
LF:48
LH:23
BRDA:18,0,0,1
BRDA:18,0,1,0
BRDA:54,1,0,0
BRDA:54,1,1,2
BRDA:72,2,0,0
BRDA:72,2,1,3
BRDA:82,3,0,1
BRDA:82,3,1,0
BRF:8
BRH:4
end_of_record
TN:
SF:services/historyService.js
FN:4,(anonymous_0)
FN:13,(anonymous_1)
FN:50,(anonymous_2)
FN:80,(anonymous_3)
FN:118,(anonymous_4)
FN:120,(anonymous_5)
FN:137,(anonymous_6)
FN:149,(anonymous_7)
FN:173,(anonymous_8)
FN:198,(anonymous_9)
FN:201,(anonymous_10)
FN:213,(anonymous_11)
FN:215,(anonymous_12)
FN:224,(anonymous_13)
FN:247,(anonymous_14)
FN:254,(anonymous_15)
FN:255,(anonymous_16)
FN:280,(anonymous_17)
FN:302,(anonymous_18)
FNF:19
FNH:4
FNDA:80,(anonymous_0)
FNDA:4,(anonymous_1)
FNDA:8,(anonymous_2)
FNDA:5,(anonymous_3)
FNDA:0,(anonymous_4)
FNDA:0,(anonymous_5)
FNDA:0,(anonymous_6)
FNDA:0,(anonymous_7)
FNDA:0,(anonymous_8)
FNDA:0,(anonymous_9)
FNDA:0,(anonymous_10)
FNDA:0,(anonymous_11)
FNDA:0,(anonymous_12)
FNDA:0,(anonymous_13)
FNDA:0,(anonymous_14)
FNDA:0,(anonymous_15)
FNDA:0,(anonymous_16)
FNDA:0,(anonymous_17)
FNDA:0,(anonymous_18)
DA:5,80
DA:14,4
DA:18,4
DA:20,1
DA:28,1
DA:31,3
DA:36,3
DA:39,4
DA:40,3
DA:42,1
DA:43,1
DA:51,8
DA:52,8
DA:63,8
DA:70,6
DA:72,2
DA:73,2
DA:81,5
DA:83,5
DA:92,5
DA:93,2
DA:97,3
DA:100,3
DA:101,2
DA:105,1
DA:108,1
DA:110,0
DA:111,0
DA:119,0
DA:120,0
DA:121,0
DA:122,0
DA:124,0
DA:127,0
DA:129,0
DA:130,0
DA:138,0
DA:139,0
DA:141,0
DA:142,0
DA:150,0
DA:151,0
DA:162,0
DA:163,0
DA:165,0
DA:166,0
DA:174,0
DA:175,0
DA:177,0
DA:179,0
DA:183,0
DA:186,0
DA:188,0
DA:190,0
DA:191,0
DA:199,0
DA:201,0
DA:202,0
DA:203,0
DA:205,0
DA:206,0
DA:208,0
DA:212,0
DA:213,0
DA:214,0
DA:215,0
DA:218,0
DA:225,0
DA:226,0
DA:228,0
DA:229,0
DA:230,0
DA:232,0
DA:233,0
DA:236,0
DA:237,0
DA:241,0
DA:248,0
DA:250,0
DA:251,0
DA:254,0
DA:255,0
DA:257,0
DA:258,0
DA:259,0
DA:262,0
DA:263,0
DA:266,0
DA:267,0
DA:268,0
DA:270,0
DA:271,0
DA:272,0
DA:274,0
DA:282,0
DA:283,0
DA:287,0
DA:288,0
DA:290,0
DA:291,0
DA:292,0
DA:293,0
DA:296,0
DA:303,0
DA:304,0
DA:309,0
DA:310,0
DA:311,0
DA:313,0
DA:314,0
LF:110
LH:26
BRDA:13,0,0,3
BRDA:18,1,0,1
BRDA:18,1,1,3
BRDA:50,2,0,2
BRDA:92,3,0,2
BRDA:92,3,1,3
BRDA:100,4,0,2
BRDA:100,4,1,1
BRDA:100,5,0,3
BRDA:100,5,1,2
BRDA:121,6,0,0
BRDA:121,6,1,0
BRDA:121,7,0,0
BRDA:121,7,1,0
BRDA:149,8,0,0
BRDA:177,9,0,0
BRDA:177,9,1,0
BRDA:205,10,0,0
BRDA:205,10,1,0
BRDA:232,11,0,0
BRDA:232,11,1,0
BRDA:250,12,0,0
BRDA:250,12,1,0
BRDA:251,13,0,0
BRDA:251,13,1,0
BRDA:257,14,0,0
BRDA:257,14,1,0
BRDA:257,15,0,0
BRDA:257,15,1,0
BRDA:258,16,0,0
BRDA:258,16,1,0
BRDA:259,17,0,0
BRDA:259,17,1,0
BRDA:282,18,0,0
BRDA:282,18,1,0
BRF:35
BRH:10
end_of_record
TN:
SF:services/platformManager.js
FN:7,(anonymous_0)
FN:19,(anonymous_1)
FN:57,(anonymous_2)
FN:59,(anonymous_3)
FN:70,(anonymous_4)
FN:79,(anonymous_5)
FN:115,(anonymous_6)
FN:117,(anonymous_7)
FN:118,(anonymous_8)
FN:121,(anonymous_9)
FN:121,(anonymous_10)
FN:123,(anonymous_11)
FN:127,(anonymous_12)
FN:133,(anonymous_13)
FN:144,(anonymous_14)
FN:150,(anonymous_15)
FN:154,(anonymous_16)
FN:193,(anonymous_17)
FN:212,(anonymous_18)
FN:216,(anonymous_19)
FNF:20
FNH:17
FNDA:17,(anonymous_0)
FNDA:11,(anonymous_1)
FNDA:0,(anonymous_2)
FNDA:0,(anonymous_3)
FNDA:0,(anonymous_4)
FNDA:4,(anonymous_5)
FNDA:2,(anonymous_6)
FNDA:4,(anonymous_7)
FNDA:4,(anonymous_8)
FNDA:4,(anonymous_9)
FNDA:4,(anonymous_10)
FNDA:2,(anonymous_11)
FNDA:2,(anonymous_12)
FNDA:1,(anonymous_13)
FNDA:2,(anonymous_14)
FNDA:2,(anonymous_15)
FNDA:2,(anonymous_16)
FNDA:2,(anonymous_17)
FNDA:2,(anonymous_18)
FNDA:1,(anonymous_19)
DA:8,17
DA:14,17
DA:15,17
DA:16,17
DA:20,11
DA:21,11
DA:22,11
DA:24,11
DA:25,1
DA:29,10
DA:31,5
DA:32,4
DA:34,2
DA:35,1
DA:37,2
DA:38,1
DA:41,1
DA:45,6
DA:50,6
DA:52,4
DA:53,4
DA:58,0
DA:59,0
DA:60,0
DA:61,0
DA:63,0
DA:65,0
DA:69,0
DA:70,0
DA:71,0
DA:74,0
DA:75,0
DA:81,4
DA:112,4
DA:116,2
DA:117,4
DA:118,4
DA:121,4
DA:122,2
DA:123,2
DA:127,2
DA:128,2
DA:132,2
DA:133,1
DA:134,1
DA:135,1
DA:136,1
DA:142,2
DA:144,2
DA:150,1
DA:151,2
DA:154,1
DA:155,2
DA:156,2
DA:164,2
DA:165,0
DA:166,0
DA:168,0
DA:174,2
DA:175,0
DA:177,2
DA:180,2
DA:188,0
DA:189,0
DA:195,2
DA:196,1
DA:200,1
DA:201,1
DA:203,1
DA:204,6
DA:205,6
DA:206,6
DA:209,1
DA:213,2
DA:217,1
LF:75
LH:58
BRDA:19,0,0,11
BRDA:21,1,0,11
BRDA:21,1,1,11
BRDA:24,2,0,1
BRDA:24,2,1,10
BRDA:24,3,0,11
BRDA:24,3,1,1
BRDA:29,4,0,5
BRDA:29,4,1,2
BRDA:29,4,2,2
BRDA:29,4,3,1
BRDA:57,5,0,0
BRDA:71,6,0,0
BRDA:71,6,1,0
BRDA:112,7,0,4
BRDA:112,7,1,1
BRDA:115,8,0,2
BRDA:117,9,0,4
BRDA:117,9,1,2
BRDA:118,10,0,4
BRDA:118,10,1,2
BRDA:121,11,0,4
BRDA:121,11,1,2
BRDA:122,12,0,1
BRDA:122,12,1,1
BRDA:128,13,0,0
BRDA:128,13,1,2
BRDA:128,14,0,2
BRDA:128,14,1,1
BRDA:128,15,0,2
BRDA:128,15,1,1
BRDA:132,16,0,1
BRDA:132,16,1,1
BRDA:134,17,0,1
BRDA:134,17,1,0
BRDA:134,18,0,1
BRDA:134,18,1,1
BRDA:135,19,0,1
BRDA:135,19,1,1
BRDA:135,20,0,1
BRDA:135,20,1,0
BRDA:136,21,0,0
BRDA:136,21,1,1
BRDA:142,22,0,1
BRDA:142,22,1,1
BRDA:146,23,0,2
BRDA:146,23,1,0
BRDA:151,24,0,2
BRDA:151,24,1,1
BRDA:151,25,0,2
BRDA:151,25,1,1
BRDA:155,26,0,2
BRDA:155,26,1,1
BRDA:155,27,0,2
BRDA:155,27,1,1
BRDA:158,28,0,2
BRDA:158,28,1,0
BRDA:164,29,0,0
BRDA:164,29,1,2
BRDA:164,30,0,2
BRDA:164,30,1,0
BRDA:174,31,0,0
BRDA:174,31,1,2
BRDA:195,32,0,1
BRDA:195,32,1,1
BRF:65
BRH:53
end_of_record
TN:
SF:services/tiktokService.js
FN:5,(anonymous_0)
FN:13,(anonymous_1)
FN:45,(anonymous_2)
FN:74,(anonymous_3)
FN:75,(anonymous_4)
FN:115,(anonymous_5)
FN:125,(anonymous_6)
FNF:7
FNH:4
FNDA:24,(anonymous_0)
FNDA:5,(anonymous_1)
FNDA:2,(anonymous_2)
FNDA:0,(anonymous_3)
FNDA:0,(anonymous_4)
FNDA:2,(anonymous_5)
FNDA:0,(anonymous_6)
DA:6,24
DA:7,24
DA:8,24
DA:9,24
DA:10,24
DA:14,5
DA:15,5
DA:16,0
DA:20,5
DA:21,0
DA:24,5
DA:35,4
DA:36,3
DA:38,3
DA:40,2
DA:41,2
DA:46,2
DA:47,2
DA:50,2
DA:60,0
DA:63,0
DA:73,0
DA:74,0
DA:75,0
DA:77,0
DA:78,0
DA:81,0
DA:82,0
DA:83,0
DA:88,0
DA:93,0
DA:97,0
DA:110,2
DA:111,2
DA:118,2
DA:119,2
DA:120,2
DA:126,0
DA:127,0
DA:129,0
DA:139,0
DA:140,0
DA:142,0
DA:144,0
LF:44
LH:22
BRDA:15,0,0,0
BRDA:15,0,1,5
BRDA:15,1,0,5
BRDA:15,1,1,5
BRDA:20,2,0,0
BRDA:20,2,1,5
BRDA:20,3,0,5
BRDA:20,3,1,0
BRDA:20,3,2,0
BRDA:45,4,0,2
BRDA:73,5,0,0
BRDA:73,5,1,0
BRDA:74,6,0,0
BRDA:74,6,1,0
BRDA:75,7,0,0
BRDA:75,7,1,0
BRDA:77,8,0,0
BRDA:77,8,1,0
BRDA:81,9,0,0
BRDA:81,9,1,0
BRDA:93,10,0,0
BRDA:93,10,1,0
BRDA:139,11,0,0
BRDA:139,11,1,0
BRDA:139,12,0,0
BRDA:139,12,1,0
BRF:26
BRH:6
end_of_record
TN:
SF:services/tokenManager.js
FN:6,(anonymous_0)
FN:11,(anonymous_1)
FN:17,(anonymous_2)
FN:63,(anonymous_3)
FN:101,(anonymous_4)
FN:126,(anonymous_5)
FN:140,(anonymous_6)
FN:156,(anonymous_7)
FN:169,(anonymous_8)
FN:211,(anonymous_9)
FN:240,(anonymous_10)
FNF:11
FNH:11
FNDA:21,(anonymous_0)
FNDA:14,(anonymous_1)
FNDA:4,(anonymous_2)
FNDA:2,(anonymous_3)
FNDA:4,(anonymous_4)
FNDA:4,(anonymous_5)
FNDA:4,(anonymous_6)
FNDA:7,(anonymous_7)
FNDA:2,(anonymous_8)
FNDA:2,(anonymous_9)
FNDA:1,(anonymous_10)
DA:7,21
DA:12,14
DA:13,12
DA:18,4
DA:19,4
DA:20,0
DA:23,4
DA:26,4
DA:27,4
DA:34,4
DA:39,4
DA:42,1
DA:50,1
DA:51,1
DA:53,1
DA:55,3
DA:57,3
DA:58,3
DA:64,2
DA:65,2
DA:66,0
DA:69,2
DA:72,2
DA:79,1
DA:82,1
DA:88,1
DA:89,1
DA:91,1
DA:93,1
DA:95,1
DA:96,1
DA:102,4
DA:104,4
DA:105,4
DA:106,2
DA:110,2
DA:111,1
DA:112,1
DA:113,0
DA:114,0
DA:118,1
DA:120,1
DA:121,1
DA:127,4
DA:128,4
DA:132,3
DA:134,1
DA:135,1
DA:141,4
DA:142,4
DA:150,1
DA:151,1
DA:157,7
DA:158,7
DA:162,6
DA:164,1
DA:170,2
DA:171,2
DA:174,2
DA:175,1
DA:177,1
DA:178,2
DA:179,2
DA:181,2
DA:183,1
DA:184,1
DA:185,1
DA:186,0
DA:187,0
DA:191,1
DA:192,1
DA:197,0
DA:198,0
DA:202,1
DA:203,1
DA:205,1
DA:206,1
DA:212,2
DA:213,2
DA:216,2
DA:218,2
DA:219,6
DA:220,6
DA:221,4
DA:226,2
DA:231,1
DA:232,1
DA:234,1
DA:235,1
DA:241,1
LF:90
LH:82
BRDA:12,0,0,2
BRDA:12,0,1,12
BRDA:12,1,0,14
BRDA:12,1,1,13
BRDA:19,2,0,0
BRDA:19,2,1,4
BRDA:44,3,0,1
BRDA:44,3,1,0
BRDA:65,4,0,0
BRDA:65,4,1,2
BRDA:105,5,0,2
BRDA:105,5,1,2
BRDA:110,6,0,1
BRDA:110,6,1,1
BRDA:111,7,0,1
BRDA:111,7,1,0
BRDA:113,8,0,0
BRDA:113,8,1,0
BRDA:132,9,0,3
BRDA:132,9,1,1
BRDA:181,10,0,1
BRDA:181,10,1,1
BRDA:184,11,0,1
BRDA:184,11,1,0
BRDA:186,12,0,0
BRDA:186,12,1,0
BRDA:220,13,0,4
BRDA:220,13,1,2
BRF:28
BRH:19
end_of_record
TN:
SF:services/twitchService.js
FN:5,(anonymous_0)
FN:13,(anonymous_1)
FN:42,(anonymous_2)
FN:183,(anonymous_3)
FN:193,(anonymous_4)
FNF:5
FNH:5
FNDA:26,(anonymous_0)
FNDA:5,(anonymous_1)
FNDA:2,(anonymous_2)
FNDA:2,(anonymous_3)
FNDA:2,(anonymous_4)
DA:6,26
DA:7,26
DA:8,26
DA:9,26
DA:10,26
DA:14,5
DA:15,5
DA:16,0
DA:20,5
DA:21,0
DA:24,5
DA:32,4
DA:33,3
DA:35,3
DA:37,2
DA:38,2
DA:43,2
DA:45,2
DA:47,2
DA:49,2
DA:51,2
DA:58,1
DA:59,1
DA:62,0
DA:67,0
DA:70,0
DA:77,0
DA:78,0
DA:81,0
DA:84,0
DA:85,0
DA:86,0
DA:91,0
DA:96,0
DA:100,0
DA:113,0
DA:116,0
DA:123,0
DA:124,0
DA:127,0
DA:132,0
DA:135,0
DA:142,0
DA:143,0
DA:146,0
DA:149,0
DA:150,0
DA:151,0
DA:156,0
DA:161,0
DA:165,0
DA:178,2
DA:179,2
DA:186,2
DA:187,2
DA:188,2
DA:194,2
DA:195,2
DA:197,2
DA:204,2
DA:205,1
DA:207,1
DA:209,1
LF:63
LH:33
BRDA:15,0,0,0
BRDA:15,0,1,5
BRDA:15,1,0,5
BRDA:15,1,1,5
BRDA:20,2,0,0
BRDA:20,2,1,5
BRDA:20,3,0,5
BRDA:20,3,1,0
BRDA:20,3,2,0
BRDA:42,4,0,2
BRDA:47,5,0,2
BRDA:47,5,1,0
BRDA:58,6,0,1
BRDA:58,6,1,0
BRDA:58,7,0,1
BRDA:58,7,1,1
BRDA:67,8,0,0
BRDA:67,8,1,0
BRDA:78,9,0,0
BRDA:78,9,1,0
BRDA:84,10,0,0
BRDA:84,10,1,0
BRDA:96,11,0,0
BRDA:96,11,1,0
BRDA:123,12,0,0
BRDA:123,12,1,0
BRDA:123,13,0,0
BRDA:123,13,1,0
BRDA:143,14,0,0
BRDA:143,14,1,0
BRDA:149,15,0,0
BRDA:149,15,1,0
BRDA:161,16,0,0
BRDA:161,16,1,0
BRDA:204,17,0,1
BRDA:204,17,1,1
BRDA:204,18,0,2
BRDA:204,18,1,2
BRF:38
BRH:14
end_of_record
TN:
SF:services/userService.js
FN:13,hashPassword
FN:20,verifyPassword
FN:27,createUser
FN:47,findUserByEmail
FN:62,findUserById
FN:77,verifyUser
FN:93,updateUserPlatforms
FN:107,getUserPlatforms
FNF:8
FNH:7
FNDA:3,hashPassword
FNDA:0,verifyPassword
FNDA:3,createUser
FNDA:7,findUserByEmail
FNDA:3,findUserById
FNDA:4,verifyUser
FNDA:2,updateUserPlatforms
FNDA:3,getUserPlatforms
DA:5,1
DA:7,1
DA:14,3
DA:15,3
DA:16,3
DA:21,0
DA:22,0
DA:23,0
DA:28,3
DA:29,3
DA:30,3
DA:32,3
DA:37,3
DA:39,2
DA:40,0
DA:42,2
DA:48,7
DA:49,7
DA:54,7
DA:56,7
DA:57,7
DA:63,3
DA:64,3
DA:69,3
DA:71,3
DA:72,3
DA:78,4
DA:79,4
DA:80,4
DA:82,0
DA:83,0
DA:85,0
DA:87,0
DA:88,0
DA:94,2
DA:95,2
DA:99,2
DA:101,0
DA:102,0
DA:108,3
DA:109,3
DA:114,3
DA:116,0
DA:117,0
DA:119,3
DA:120,3
LF:46
LH:33
BRDA:39,0,0,0
BRDA:39,0,1,2
BRDA:54,1,0,7
BRDA:54,1,1,0
BRDA:69,2,0,3
BRDA:69,2,1,0
BRDA:80,3,0,4
BRDA:80,3,1,0
BRDA:82,4,0,0
BRDA:82,4,1,0
BRDA:114,5,0,0
BRDA:114,5,1,0
BRDA:117,6,0,0
BRDA:117,6,1,0
BRF:14
BRH:4
end_of_record
TN:
SF:services/webhookService.js
FN:13,(anonymous_0)
FN:23,(anonymous_1)
FN:39,(anonymous_2)
FN:51,(anonymous_3)
FN:81,(anonymous_4)
FN:93,(anonymous_5)
FN:123,(anonymous_6)
FN:135,(anonymous_7)
FN:165,(anonymous_8)
FN:166,(anonymous_9)
FN:178,(anonymous_10)
FN:188,(anonymous_11)
FN:195,(anonymous_12)
FN:206,(anonymous_13)
FN:217,(anonymous_14)
FN:242,(anonymous_15)
FN:251,(anonymous_16)
FNF:17
FNH:14
FNDA:17,(anonymous_0)
FNDA:3,(anonymous_1)
FNDA:3,(anonymous_2)
FNDA:0,(anonymous_3)
FNDA:2,(anonymous_4)
FNDA:0,(anonymous_5)
FNDA:2,(anonymous_6)
FNDA:0,(anonymous_7)
FNDA:1,(anonymous_8)
FNDA:1,(anonymous_9)
FNDA:1,(anonymous_10)
FNDA:1,(anonymous_11)
FNDA:3,(anonymous_12)
FNDA:1,(anonymous_13)
FNDA:3,(anonymous_14)
FNDA:2,(anonymous_15)
FNDA:1,(anonymous_16)
DA:5,1
DA:6,1
DA:14,17
DA:15,17
DA:24,3
DA:25,3
DA:27,2
DA:32,2
DA:40,3
DA:41,3
DA:44,3
DA:50,3
DA:51,0
DA:64,0
DA:67,0
DA:69,0
DA:70,0
DA:73,0
DA:75,3
DA:76,3
DA:82,2
DA:83,2
DA:86,2
DA:92,2
DA:93,0
DA:106,0
DA:109,0
DA:111,0
DA:112,0
DA:115,0
DA:117,2
DA:118,2
DA:124,2
DA:125,2
DA:128,2
DA:134,2
DA:135,0
DA:148,0
DA:151,0
DA:153,0
DA:154,0
DA:157,0
DA:159,2
DA:160,2
DA:166,1
DA:167,1
DA:176,1
DA:177,1
DA:178,1
DA:179,1
DA:180,1
DA:191,1
DA:196,3
DA:197,3
DA:199,3
DA:202,3
DA:207,1
DA:208,1
DA:209,1
DA:210,1
DA:211,1
DA:218,3
DA:220,3
DA:225,3
DA:226,0
DA:232,0
DA:233,0
DA:237,3
DA:243,2
DA:252,1
DA:253,1
DA:261,1
LF:72
LH:51
BRDA:16,0,0,17
BRDA:16,0,1,0
BRDA:17,1,0,17
BRDA:17,1,1,0
BRDA:18,2,0,17
BRDA:18,2,1,0
BRDA:25,3,0,1
BRDA:25,3,1,2
BRDA:50,4,0,0
BRDA:50,4,1,0
BRDA:92,5,0,0
BRDA:92,5,1,0
BRDA:134,6,0,0
BRDA:134,6,1,0
BRDA:177,7,0,1
BRDA:177,7,1,0
BRDA:179,8,0,1
BRDA:179,8,1,0
BRDA:196,9,0,3
BRDA:196,9,1,0
BRDA:208,10,0,1
BRDA:208,10,1,0
BRDA:210,11,0,1
BRDA:210,11,1,0
BRDA:225,12,0,0
BRDA:225,12,1,0
BRDA:232,13,0,0
BRDA:232,13,1,0
BRF:28
BRH:10
end_of_record
TN:
SF:services/youtubeService.js
FN:6,(anonymous_0)
FN:12,(anonymous_1)
FN:49,(anonymous_2)
FN:60,(anonymous_3)
FN:101,(anonymous_4)
FN:109,(anonymous_5)
FNF:6
FNH:4
FNDA:23,(anonymous_0)
FNDA:2,(anonymous_1)
FNDA:0,(anonymous_2)
FNDA:0,(anonymous_3)
FNDA:2,(anonymous_4)
FNDA:2,(anonymous_5)
DA:7,23
DA:8,23
DA:9,23
DA:13,2
DA:15,2
DA:16,2
DA:17,2
DA:18,2
DA:19,2
DA:20,2
DA:21,2
DA:25,2
DA:31,0
DA:32,0
DA:33,0
DA:36,0
DA:37,0
DA:40,0
DA:49,0
DA:52,0
DA:53,0
DA:54,0
DA:60,0
DA:61,0
DA:65,0
DA:66,0
DA:69,0
DA:70,0
DA:71,0
DA:76,0
DA:81,0
DA:85,0
DA:96,2
DA:97,2
DA:103,2
DA:104,2
DA:110,2
DA:111,2
DA:117,2
DA:118,1
DA:120,1
DA:122,1
LF:42
LH:22
BRDA:12,0,0,2
BRDA:17,1,0,2
BRDA:17,1,1,0
BRDA:26,2,0,2
BRDA:26,2,1,0
BRDA:32,3,0,0
BRDA:32,3,1,0
BRDA:41,4,0,0
BRDA:41,4,1,0
BRDA:53,5,0,0
BRDA:53,5,1,0
BRDA:55,6,0,0
BRDA:55,6,1,0
BRDA:61,7,0,0
BRDA:61,7,1,0
BRDA:65,8,0,0
BRDA:65,8,1,0
BRDA:69,9,0,0
BRDA:69,9,1,0
BRDA:81,10,0,0
BRDA:81,10,1,0
BRDA:117,11,0,1
BRDA:117,11,1,1
BRDA:117,12,0,2
BRDA:117,12,1,2
BRF:25
BRH:7
end_of_record
